Arguments: 
  E:\node\node.exe C:\Users\91245\AppData\Roaming\npm\node_modules\yarn\bin\yarn.js

PATH: 
  C:\WINDOWS\system32;C:\WINDOWS;C:\WINDOWS\System32\Wbem;C:\WINDOWS\System32\WindowsPowerShell\v1.0\;C:\WINDOWS\System32\OpenSSH\;E:\node\;E:\Git\cmd;E:\TortoiseGit\bin;E:\Xshell\;C:\Users\91245\AppData\Local\Programs\Python\Python38-32\Scripts\;C:\Users\91245\AppData\Local\Programs\Python\Python38-32\;C:\Users\91245\AppData\Local\Microsoft\WindowsApps;C:\Users\91245\AppData\Roaming\npm;E:\vsc\bin;C:\Users\91245\AppData\Local\GitHubDesktop\bin

Yarn version: 
  1.22.17

Node version: 
  14.15.0

Platform: 
  win32 x64

Trace: 
  Error: ENOENT: no such file or directory, open 'C:\Users\91245\AppData\Local\Yarn\Cache\v6\npm-esbuild-windows-64-0.13.14-bc778674c40d65150d12385e0f23eb3a0badbd0d-integrity\node_modules\esbuild-windows-64\.yarn-metadata.json'

npm manifest: 
  {
    "name": "vite-demo",
    "version": "0.0.0",
    "scripts": {
      "dev": "vite",
      "build": "vite build",
      "serve": "vite preview"
    },
    "dependencies": {
      "vue": "^3.2.16"
    },
    "devDependencies": {
      "@vitejs/plugin-vue": "^1.9.3",
      "vite": "^2.6.4"
    }
  }

yarn manifest: 
  No manifest

Lockfile: 
  No lockfile
